<?xml version="1.0" encoding="UTF-8"?>
<testng-results ignored="0" total="4" passed="3" failed="1" skipped="0">
  <reporter-output>
  </reporter-output>
  <suite started-at="2022-11-16T00:53:39 ICT" name="Suite" finished-at="2022-11-16T00:54:52 ICT" duration-ms="73682">
    <groups>
    </groups>
    <test started-at="2022-11-16T00:53:39 ICT" name="Test" finished-at="2022-11-16T00:54:52 ICT" duration-ms="73682">
      <class name="resources.com.fundingsocieties.TestCases">
        <test-method is-config="true" signature="setBaseUrl()[pri:0, instance:resources.com.fundingsocieties.TestCases@23bb8443]" started-at="2022-11-16T00:53:39 ICT" name="setBaseUrl" finished-at="2022-11-16T00:53:44 ICT" duration-ms="5050" status="PASS">
          <reporter-output>
          </reporter-output>
        </test-method> <!-- setBaseUrl -->
        <test-method signature="CheckDisbursementTab()[pri:0, instance:resources.com.fundingsocieties.TestCases@23bb8443]" started-at="2022-11-16T00:53:44 ICT" name="CheckDisbursementTab" finished-at="2022-11-16T00:53:47 ICT" duration-ms="2997" status="FAIL">
          <exception class="org.openqa.selenium.ElementClickInterceptedException">
            <message>
              <![CDATA[Element <button class="tab-button -progress"> is not clickable at point (978,558) because another element <div class="loading-background"> obscures it
Build info: version: '3.141.59', revision: 'e82be7d358', time: '2018-11-14T08:17:03'
System info: host: 'phams-MacBook-Air.local', ip: 'fe80:0:0:0:1880:e291:5472:9050%en0', os.name: 'Mac OS X', os.arch: 'aarch64', os.version: '12.5', java.version: '19.0.1'
Driver info: org.openqa.selenium.firefox.FirefoxDriver
Capabilities {acceptInsecureCerts: true, browserName: firefox, browserVersion: 106.0.3, javascriptEnabled: true, moz:accessibilityChecks: false, moz:buildID: 20221030091646, moz:geckodriverVersion: 0.32.0, moz:headless: false, moz:platformVersion: 21.6.0, moz:processID: 9797, moz:profile: /var/folders/pk/xxnbq8656fn..., moz:shutdownTimeout: 60000, moz:useNonSpecCompliantPointerOrigin: false, moz:webdriverClick: true, moz:windowless: false, pageLoadStrategy: normal, platform: MAC, platformName: MAC, proxy: Proxy(), setWindowRect: true, strictFileInteractability: false, timeouts: {implicit: 0, pageLoad: 300000, script: 30000}, unhandledPromptBehavior: dismiss and notify}
Session ID: a4570da3-c40d-4a10-bdb4-0d04e47db27c]]>
            </message>
            <full-stacktrace>
              <![CDATA[org.openqa.selenium.ElementClickInterceptedException: Element <button class="tab-button -progress"> is not clickable at point (978,558) because another element <div class="loading-background"> obscures it
Build info: version: '3.141.59', revision: 'e82be7d358', time: '2018-11-14T08:17:03'
System info: host: 'phams-MacBook-Air.local', ip: 'fe80:0:0:0:1880:e291:5472:9050%en0', os.name: 'Mac OS X', os.arch: 'aarch64', os.version: '12.5', java.version: '19.0.1'
Driver info: org.openqa.selenium.firefox.FirefoxDriver
Capabilities {acceptInsecureCerts: true, browserName: firefox, browserVersion: 106.0.3, javascriptEnabled: true, moz:accessibilityChecks: false, moz:buildID: 20221030091646, moz:geckodriverVersion: 0.32.0, moz:headless: false, moz:platformVersion: 21.6.0, moz:processID: 9797, moz:profile: /var/folders/pk/xxnbq8656fn..., moz:shutdownTimeout: 60000, moz:useNonSpecCompliantPointerOrigin: false, moz:webdriverClick: true, moz:windowless: false, pageLoadStrategy: normal, platform: MAC, platformName: MAC, proxy: Proxy(), setWindowRect: true, strictFileInteractability: false, timeouts: {implicit: 0, pageLoad: 300000, script: 30000}, unhandledPromptBehavior: dismiss and notify}
Session ID: a4570da3-c40d-4a10-bdb4-0d04e47db27c
at java.base/jdk.internal.reflect.DirectConstructorHandleAccessor.newInstance(DirectConstructorHandleAccessor.java:67)
at java.base/java.lang.reflect.Constructor.newInstanceWithCaller(Constructor.java:500)
at java.base/java.lang.reflect.Constructor.newInstance(Constructor.java:484)
at org.openqa.selenium.remote.http.W3CHttpResponseCodec.createException(W3CHttpResponseCodec.java:187)
at org.openqa.selenium.remote.http.W3CHttpResponseCodec.decode(W3CHttpResponseCodec.java:122)
at org.openqa.selenium.remote.http.W3CHttpResponseCodec.decode(W3CHttpResponseCodec.java:49)
at org.openqa.selenium.remote.HttpCommandExecutor.execute(HttpCommandExecutor.java:158)
at org.openqa.selenium.remote.service.DriverCommandExecutor.execute(DriverCommandExecutor.java:83)
at org.openqa.selenium.remote.RemoteWebDriver.execute(RemoteWebDriver.java:552)
at org.openqa.selenium.remote.RemoteWebElement.execute(RemoteWebElement.java:285)
at org.openqa.selenium.remote.RemoteWebElement.click(RemoteWebElement.java:84)
at common.UI.clickButton(UI.java:24)
at common.UI.ClickOnTab(UI.java:70)
at resources.com.fundingsocieties.TestCases.CheckDisbursementTab(TestCases.java:104)
at java.base/jdk.internal.reflect.DirectMethodHandleAccessor.invoke(DirectMethodHandleAccessor.java:104)
at java.base/java.lang.reflect.Method.invoke(Method.java:578)
at org.testng.internal.invokers.MethodInvocationHelper.invokeMethod(MethodInvocationHelper.java:139)
at org.testng.internal.invokers.TestInvoker.invokeMethod(TestInvoker.java:677)
at org.testng.internal.invokers.TestInvoker.invokeTestMethod(TestInvoker.java:221)
at org.testng.internal.invokers.MethodRunner.runInSequence(MethodRunner.java:50)
at org.testng.internal.invokers.TestInvoker$MethodInvocationAgent.invoke(TestInvoker.java:962)
at org.testng.internal.invokers.TestInvoker.invokeTestMethods(TestInvoker.java:194)
at org.testng.internal.invokers.TestMethodWorker.invokeTestMethods(TestMethodWorker.java:148)
at org.testng.internal.invokers.TestMethodWorker.run(TestMethodWorker.java:128)
at java.base/java.util.ArrayList.forEach(ArrayList.java:1511)
at org.testng.TestRunner.privateRun(TestRunner.java:806)
at org.testng.TestRunner.run(TestRunner.java:601)
at org.testng.SuiteRunner.runTest(SuiteRunner.java:433)
at org.testng.SuiteRunner.runSequentially(SuiteRunner.java:427)
at org.testng.SuiteRunner.privateRun(SuiteRunner.java:387)
at org.testng.SuiteRunner.run(SuiteRunner.java:330)
at org.testng.SuiteRunnerWorker.runSuite(SuiteRunnerWorker.java:52)
at org.testng.SuiteRunnerWorker.run(SuiteRunnerWorker.java:95)
at org.testng.TestNG.runSuitesSequentially(TestNG.java:1256)
at org.testng.TestNG.runSuitesLocally(TestNG.java:1176)
at org.testng.TestNG.runSuites(TestNG.java:1099)
at org.testng.TestNG.run(TestNG.java:1067)
at org.apache.maven.surefire.testng.TestNGExecutor.run(TestNGExecutor.java:281)
at org.apache.maven.surefire.testng.TestNGXmlTestSuite.execute(TestNGXmlTestSuite.java:75)
at org.apache.maven.surefire.testng.TestNGProvider.invoke(TestNGProvider.java:121)
at org.apache.maven.surefire.booter.ForkedBooter.invokeProviderInSameClassLoader(ForkedBooter.java:290)
at org.apache.maven.surefire.booter.ForkedBooter.runSuitesInProcess(ForkedBooter.java:242)
at org.apache.maven.surefire.booter.ForkedBooter.main(ForkedBooter.java:121)
]]>
            </full-stacktrace>
          </exception> <!-- org.openqa.selenium.ElementClickInterceptedException -->
          <reporter-output>
          </reporter-output>
        </test-method> <!-- CheckDisbursementTab -->
        <test-method is-config="true" signature="endSession()[pri:0, instance:resources.com.fundingsocieties.TestCases@23bb8443]" started-at="2022-11-16T00:53:47 ICT" name="endSession" finished-at="2022-11-16T00:53:48 ICT" duration-ms="1652" status="PASS">
          <reporter-output>
          </reporter-output>
        </test-method> <!-- endSession -->
        <test-method is-config="true" signature="setBaseUrl()[pri:0, instance:resources.com.fundingsocieties.TestCases@23bb8443]" started-at="2022-11-16T00:53:48 ICT" name="setBaseUrl" finished-at="2022-11-16T00:53:53 ICT" duration-ms="4611" status="PASS">
          <reporter-output>
          </reporter-output>
        </test-method> <!-- setBaseUrl -->
        <test-method signature="CheckGeneralTab()[pri:0, instance:resources.com.fundingsocieties.TestCases@23bb8443]" started-at="2022-11-16T00:53:53 ICT" name="CheckGeneralTab" finished-at="2022-11-16T00:54:15 ICT" duration-ms="21793" status="PASS">
          <reporter-output>
          </reporter-output>
        </test-method> <!-- CheckGeneralTab -->
        <test-method is-config="true" signature="endSession()[pri:0, instance:resources.com.fundingsocieties.TestCases@23bb8443]" started-at="2022-11-16T00:54:15 ICT" name="endSession" finished-at="2022-11-16T00:54:15 ICT" duration-ms="488" status="PASS">
          <reporter-output>
          </reporter-output>
        </test-method> <!-- endSession -->
        <test-method is-config="true" signature="setBaseUrl()[pri:0, instance:resources.com.fundingsocieties.TestCases@23bb8443]" started-at="2022-11-16T00:54:15 ICT" name="setBaseUrl" finished-at="2022-11-16T00:54:19 ICT" duration-ms="4291" status="PASS">
          <reporter-output>
          </reporter-output>
        </test-method> <!-- setBaseUrl -->
        <test-method signature="CheckRepaymentTab()[pri:0, instance:resources.com.fundingsocieties.TestCases@23bb8443]" started-at="2022-11-16T00:54:19 ICT" name="CheckRepaymentTab" finished-at="2022-11-16T00:54:24 ICT" duration-ms="4246" status="PASS">
          <reporter-output>
          </reporter-output>
        </test-method> <!-- CheckRepaymentTab -->
        <test-method is-config="true" signature="endSession()[pri:0, instance:resources.com.fundingsocieties.TestCases@23bb8443]" started-at="2022-11-16T00:54:24 ICT" name="endSession" finished-at="2022-11-16T00:54:24 ICT" duration-ms="464" status="PASS">
          <reporter-output>
          </reporter-output>
        </test-method> <!-- endSession -->
        <test-method is-config="true" signature="setBaseUrl()[pri:0, instance:resources.com.fundingsocieties.TestCases@23bb8443]" started-at="2022-11-16T00:54:24 ICT" name="setBaseUrl" finished-at="2022-11-16T00:54:29 ICT" duration-ms="4518" status="PASS">
          <reporter-output>
          </reporter-output>
        </test-method> <!-- setBaseUrl -->
        <test-method signature="FullFlow()[pri:0, instance:resources.com.fundingsocieties.TestCases@23bb8443]" started-at="2022-11-16T00:54:29 ICT" name="FullFlow" finished-at="2022-11-16T00:54:52 ICT" duration-ms="23074" status="PASS">
          <reporter-output>
          </reporter-output>
        </test-method> <!-- FullFlow -->
        <test-method is-config="true" signature="endSession()[pri:0, instance:resources.com.fundingsocieties.TestCases@23bb8443]" started-at="2022-11-16T00:54:52 ICT" name="endSession" finished-at="2022-11-16T00:54:52 ICT" duration-ms="478" status="PASS">
          <reporter-output>
          </reporter-output>
        </test-method> <!-- endSession -->
      </class> <!-- resources.com.fundingsocieties.TestCases -->
    </test> <!-- Test -->
  </suite> <!-- Suite -->
</testng-results>
