<?xml version="1.0" encoding="UTF-8"?>
<testsuite xmlns:xsi="http://www.w3.org/2001/XMLSchema-instance" xsi:schemaLocation="https://maven.apache.org/surefire/maven-surefire-plugin/xsd/surefire-test-report.xsd" name="resources.com.fundingsocieties.TestCases" time="9.474" tests="3" errors="0" skipped="2" failures="1">
  <properties>
[...]
</properties>
  <testcase name="setBaseUrl" classname="resources.com.fundingsocieties.TestCases" time="4.402">
    <failure message="Browsing context has been discarded&#10;Build info: version: &apos;3.141.59&apos;, revision: &apos;e82be7d358&apos;, time: &apos;2018-11-14T08:17:03&apos;&#10;System info: host: &apos;phams-MacBook-Air.local&apos;, ip: &apos;fe80:0:0:0:1880:e291:5472:9050%en0&apos;, os.name: &apos;Mac OS X&apos;, os.arch: &apos;aarch64&apos;, os.version: &apos;12.5&apos;, java.version: &apos;19.0.1&apos;&#10;Driver info: org.openqa.selenium.firefox.FirefoxDriver&#10;Capabilities {acceptInsecureCerts: true, browserName: firefox, browserVersion: 106.0.3, javascriptEnabled: true, moz:accessibilityChecks: false, moz:buildID: 20221030091646, moz:geckodriverVersion: 0.32.0, moz:headless: false, moz:platformVersion: 21.6.0, moz:processID: 9592, moz:profile: /var/folders/pk/xxnbq8656fn..., moz:shutdownTimeout: 60000, moz:useNonSpecCompliantPointerOrigin: false, moz:webdriverClick: true, moz:windowless: false, pageLoadStrategy: normal, platform: MAC, platformName: MAC, proxy: Proxy(), setWindowRect: true, strictFileInteractability: false, timeouts: {implicit: 0, pageLoad: 300000, script: 30000}, unhandledPromptBehavior: dismiss and notify}&#10;Session ID: e8db1a75-07cb-42b7-bb47-eb085ec6c2ef" type="org.openqa.selenium.NoSuchWindowException">org.openqa.selenium.NoSuchWindowException: 
Browsing context has been discarded
Build info: version: '3.141.59', revision: 'e82be7d358', time: '2018-11-14T08:17:03'
System info: host: 'phams-MacBook-Air.local', ip: 'fe80:0:0:0:1880:e291:5472:9050%en0', os.name: 'Mac OS X', os.arch: 'aarch64', os.version: '12.5', java.version: '19.0.1'
Driver info: org.openqa.selenium.firefox.FirefoxDriver
Capabilities {acceptInsecureCerts: true, browserName: firefox, browserVersion: 106.0.3, javascriptEnabled: true, moz:accessibilityChecks: false, moz:buildID: 20221030091646, moz:geckodriverVersion: 0.32.0, moz:headless: false, moz:platformVersion: 21.6.0, moz:processID: 9592, moz:profile: /var/folders/pk/xxnbq8656fn..., moz:shutdownTimeout: 60000, moz:useNonSpecCompliantPointerOrigin: false, moz:webdriverClick: true, moz:windowless: false, pageLoadStrategy: normal, platform: MAC, platformName: MAC, proxy: Proxy(), setWindowRect: true, strictFileInteractability: false, timeouts: {implicit: 0, pageLoad: 300000, script: 30000}, unhandledPromptBehavior: dismiss and notify}
Session ID: e8db1a75-07cb-42b7-bb47-eb085ec6c2ef
	at resources.com.fundingsocieties.TestCases.setBaseUrl(TestCases.java:39)
</failure>
    <system-err><![CDATA[SLF4J: Failed to load class "org.slf4j.impl.StaticLoggerBinder".
SLF4J: Defaulting to no-operation (NOP) logger implementation
SLF4J: See http://www.slf4j.org/codes.html#StaticLoggerBinder for further details.
1668534038268	geckodriver	INFO	Listening on 127.0.0.1:4321
1668534038339	mozrunner::runner	INFO	Running command: "/Applications/Firefox.app/Contents/MacOS/firefox-bin" "--marionette" "-foreground" "-no-remote" "-profile" "/var/folders/pk/xxnbq8656fng9v87tnjr4nhw0000gn/T/rust_mozprofilehFCe1W"
2022-11-16 00:40:38.787 plugin-container[9593:505607] nil host used in call to allowsSpecificHTTPSCertificateForHost
2022-11-16 00:40:38.788 plugin-container[9593:505607] nil host used in call to allowsAnyHTTPSCertificateForHost:
1668534038818	Marionette	INFO	Marionette enabled
2022-11-16 00:40:38.819 plugin-container[9593:505607] nil host used in call to allowsSpecificHTTPSCertificateForHost
2022-11-16 00:40:38.820 plugin-container[9593:505607] nil host used in call to allowsAnyHTTPSCertificateForHost:
2022-11-16 00:40:38.821 plugin-container[9593:505609] nil host used in call to allowsSpecificHTTPSCertificateForHost
2022-11-16 00:40:38.821 plugin-container[9593:505609] nil host used in call to allowsAnyHTTPSCertificateForHost:
1668534038852	Marionette	INFO	Listening on port 61865
Read port: 61865
1668534039068	RemoteAgent	WARN	TLS certificate errors will be ignored for this session
console.warn: SearchSettings: "get: No settings file exists, new profile?" (new NotFoundError("Could not open the file at /var/folders/pk/xxnbq8656fng9v87tnjr4nhw0000gn/T/rust_mozprofilehFCe1W/search.json.mozlz4", (void 0)))
Nov 16, 2022 12:40:40 AM org.openqa.selenium.remote.ProtocolHandshake createSession
INFO: Detected dialect: W3C
]]></system-err>
  </testcase>
  <testcase name="CheckGeneralTab" classname="resources.com.fundingsocieties.TestCases" time="0">
    <skipped message="Browsing context has been discarded&#10;Build info: version: &apos;3.141.59&apos;, revision: &apos;e82be7d358&apos;, time: &apos;2018-11-14T08:17:03&apos;&#10;System info: host: &apos;phams-MacBook-Air.local&apos;, ip: &apos;fe80:0:0:0:1880:e291:5472:9050%en0&apos;, os.name: &apos;Mac OS X&apos;, os.arch: &apos;aarch64&apos;, os.version: &apos;12.5&apos;, java.version: &apos;19.0.1&apos;&#10;Driver info: org.openqa.selenium.firefox.FirefoxDriver&#10;Capabilities {acceptInsecureCerts: true, browserName: firefox, browserVersion: 106.0.3, javascriptEnabled: true, moz:accessibilityChecks: false, moz:buildID: 20221030091646, moz:geckodriverVersion: 0.32.0, moz:headless: false, moz:platformVersion: 21.6.0, moz:processID: 9592, moz:profile: /var/folders/pk/xxnbq8656fn..., moz:shutdownTimeout: 60000, moz:useNonSpecCompliantPointerOrigin: false, moz:webdriverClick: true, moz:windowless: false, pageLoadStrategy: normal, platform: MAC, platformName: MAC, proxy: Proxy(), setWindowRect: true, strictFileInteractability: false, timeouts: {implicit: 0, pageLoad: 300000, script: 30000}, unhandledPromptBehavior: dismiss and notify}&#10;Session ID: e8db1a75-07cb-42b7-bb47-eb085ec6c2ef"/>
  </testcase>
  <testcase name="endSession" classname="resources.com.fundingsocieties.TestCases" time="0">
    <skipped/>
  </testcase>
</testsuite>